<?xml version="1.0" encoding="UTF-8"?>
<!-- Generated by org.testng.reporters.JUnitReportReporter -->
<testsuite hostname="CHETAN" failures="0" tests="1" name="scenario1.FileRead" time="0.481" errors="0" timestamp="2024-06-12T13:46:16 IST" skipped="0">
  <testcase classname="scenario1.FileRead" name="fileReadTest" time="0.481"/>
</testsuite> <!-- scenario1.FileRead -->
