<?xml version="1.0" encoding="UTF-8"?>
<!-- Generated by org.testng.reporters.JUnitReportReporter -->
<testsuite hostname="CHETAN" failures="0" tests="1" name="scenario2.Tests.LoginTest" time="4.051" errors="0" timestamp="2024-06-17T22:41:25 IST" skipped="0">
  <testcase classname="scenario2.Tests.LoginTest" name="loginTest" time="4.051"/>
</testsuite> <!-- scenario2.Tests.LoginTest -->
